<?xml version="1.0" encoding="UTF-8"?>
<!-- Generated by org.testng.reporters.JUnitReportReporter -->
<testsuite hostname="LAPTOP-L8BQ7OMQ" failures="0" tests="5" name="testngSessions.CRUDOperationtest" time="0.034" errors="0" timestamp="06 Mar 2023 11:19:50 GMT" skipped="0">
  <testcase classname="testngSessions.CRUDOperationtest" name="getUserTest" time="0.010"/>
  <testcase classname="testngSessions.CRUDOperationtest" name="updateUserTest" time="0.001"/>
  <testcase classname="testngSessions.CRUDOperationtest" name="getUserTesting" time="0.003"/>
  <testcase classname="testngSessions.CRUDOperationtest" name="createUserTest" time="0.018"/>
  <testcase classname="testngSessions.CRUDOperationtest" name="deleteUserTest" time="0.002"/>
</testsuite> <!-- testngSessions.CRUDOperationtest -->
