<?xml version="1.0" encoding="UTF-8"?>
<!-- Generated by org.testng.reporters.JUnitReportReporter -->
<testsuite hostname="LAPTOP-L8BQ7OMQ" failures="0" tests="1" name="testngSessions.ExpectedExceptionConcept" time="0.021" errors="0" timestamp="01 Mar 2023 09:55:09 GMT" skipped="0">
  <testcase classname="testngSessions.ExpectedExceptionConcept" name="loginTest" time="0.021"/>
</testsuite> <!-- testngSessions.ExpectedExceptionConcept -->
