<?xml version="1.0" encoding="UTF-8"?>
<!-- Generated by org.testng.reporters.JUnitReportReporter -->
<testsuite hostname="LAPTOP-L8BQ7OMQ" failures="0" tests="3" name="testngSessions.LoginPageTest" time="0.032" errors="0" timestamp="28 Feb 2023 12:50:46 GMT" skipped="0">
  <testcase classname="testngSessions.LoginPageTest" name="loginPageTitletest" time="0.005"/>
  <testcase classname="testngSessions.LoginPageTest" name="loginPageURLtest" time="0.008"/>
  <testcase classname="testngSessions.LoginPageTest" name="loginPageSearchTest" time="0.019"/>
</testsuite> <!-- testngSessions.LoginPageTest -->
