<?xml version="1.0" encoding="UTF-8"?>
<!-- Generated by org.testng.reporters.JUnitReportReporter -->
<testsuite hostname="LAPTOP-L8BQ7OMQ" failures="0" tests="1" name="testngSessions.GoogleTest" time="43.427" errors="0" timestamp="06 Mar 2023 11:19:50 GMT" skipped="0">
  <testcase classname="testngSessions.GoogleTest" name="titleTest" time="43.427"/>
</testsuite> <!-- testngSessions.GoogleTest -->
