<?xml version="1.0" encoding="UTF-8"?>
<!-- Generated by org.testng.reporters.JUnitReportReporter -->
<testsuite hostname="LAPTOP-L8BQ7OMQ" failures="0" tests="3" name="testngSessions.AmazonTest" time="67.345" errors="0" timestamp="06 Mar 2023 11:19:50 GMT" skipped="0">
  <testcase classname="testngSessions.AmazonTest" name="titleTest" time="15.255"/>
  <testcase classname="testngSessions.AmazonTest" name="isHelpExistTest" time="38.736"/>
  <testcase classname="testngSessions.AmazonTest" name="searchExistTest" time="13.354"/>
</testsuite> <!-- testngSessions.AmazonTest -->
