<?xml version="1.0" encoding="UTF-8"?>
<!-- Generated by org.testng.reporters.JUnitReportReporter -->
<testsuite hostname="LAPTOP-L8BQ7OMQ" failures="0" tests="10" name="testngSessions.InvocationCount" time="0.050" errors="0" timestamp="01 Mar 2023 11:20:08 GMT" skipped="0">
  <testcase classname="testngSessions.InvocationCount" name="createUserTest" time="0.007"/>
  <testcase classname="testngSessions.InvocationCount" name="createUserTest" time="0.002"/>
  <testcase classname="testngSessions.InvocationCount" name="createUserTest" time="0.001"/>
  <testcase classname="testngSessions.InvocationCount" name="createUserTest" time="0.008"/>
  <testcase classname="testngSessions.InvocationCount" name="createUserTest" time="0.002"/>
  <testcase classname="testngSessions.InvocationCount" name="createUserTest" time="0.002"/>
  <testcase classname="testngSessions.InvocationCount" name="createUserTest" time="0.001"/>
  <testcase classname="testngSessions.InvocationCount" name="createUserTest" time="0.002"/>
  <testcase classname="testngSessions.InvocationCount" name="createUserTest" time="0.002"/>
  <testcase classname="testngSessions.InvocationCount" name="createUserTest" time="0.023"/>
</testsuite> <!-- testngSessions.InvocationCount -->
