<?xml version="1.0" encoding="UTF-8"?>
<!-- Generated by org.testng.reporters.JUnitReportReporter -->
<testsuite hostname="LAPTOP-L8BQ7OMQ" failures="0" tests="5" name="testngSessions.PriorityTest" time="0.020" errors="0" timestamp="06 Mar 2023 11:19:50 GMT" skipped="0">
  <testcase classname="testngSessions.PriorityTest" name="b_test" time="0.009"/>
  <testcase classname="testngSessions.PriorityTest" name="c_test" time="0.001"/>
  <testcase classname="testngSessions.PriorityTest" name="a_test" time="0.007"/>
  <testcase classname="testngSessions.PriorityTest" name="d_test" time="0.002"/>
  <testcase classname="testngSessions.PriorityTest" name="e_test" time="0.001"/>
</testsuite> <!-- testngSessions.PriorityTest -->
